Start testing: Mar 23 17:47 EDT
----------------------------------------------------------
3/5 Testing: task3-leak-exception
3/5 Test: task3-leak-exception
Command: "/usr/bin/valgrind" "--tool=memcheck" "--leak-check=full" "--error-exitcode=1" "--errors-for-leak-kinds=all" "./example_leak_exception"
Directory: /home/szymonm/Documents/PARO/memory-management/exercises/cmake-build-debug
"task3-leak-exception" start time: Mar 23 17:47 EDT
Output:
----------------------------------------------------------
==95207== Memcheck, a memory error detector
==95207== Copyright (C) 2002-2017, and GNU GPL'd, by Julian Seward et al.
==95207== Using Valgrind-3.18.1 and LibVEX; rerun with -h for copyright info
==95207== Command: ./example_leak_exception
==95207== 
[KERNEL] RESOURCE 0x7ac4 allocation failed - return NULL
terminate called without an active exception
==95207== 
==95207== Process terminating with default action of signal 6 (SIGABRT)
==95207==    at 0x4B4BA7C: __pthread_kill_implementation (pthread_kill.c:44)
==95207==    by 0x4B4BA7C: __pthread_kill_internal (pthread_kill.c:78)
==95207==    by 0x4B4BA7C: pthread_kill@@GLIBC_2.34 (pthread_kill.c:89)
==95207==    by 0x4AF7475: raise (raise.c:26)
==95207==    by 0x4ADD7F2: abort (abort.c:79)
==95207==    by 0x490DBBD: ??? (in /usr/lib/x86_64-linux-gnu/libstdc++.so.6.0.30)
==95207==    by 0x491924B: ??? (in /usr/lib/x86_64-linux-gnu/libstdc++.so.6.0.30)
==95207==    by 0x49192B6: std::terminate() (in /usr/lib/x86_64-linux-gnu/libstdc++.so.6.0.30)
==95207==    by 0x10B62E: kernel_stress_test() (example_leak_exception.cpp:22)
==95207==    by 0x10B80A: main (example_leak_exception.cpp:59)
==95207== 
==95207== HEAP SUMMARY:
==95207==     in use at exit: 76,920 bytes in 5 blocks
==95207==   total heap usage: 5 allocs, 0 frees, 76,920 bytes allocated
==95207== 
==95207== LEAK SUMMARY:
==95207==    definitely lost: 0 bytes in 0 blocks
==95207==    indirectly lost: 0 bytes in 0 blocks
==95207==      possibly lost: 0 bytes in 0 blocks
==95207==    still reachable: 76,920 bytes in 5 blocks
==95207==         suppressed: 0 bytes in 0 blocks
==95207== Reachable blocks (those to which a pointer was found) are not shown.
==95207== To see them, rerun with: --leak-check=full --show-leak-kinds=all
==95207== 
==95207== For lists of detected and suppressed errors, rerun with: -s
==95207== ERROR SUMMARY: 5 errors from 5 contexts (suppressed: 0 from 0)
<end of output>
Test time =   1.88 sec
----------------------------------------------------------
Test Failed.
"task3-leak-exception" end time: Mar 23 17:47 EDT
"task3-leak-exception" time elapsed: 00:00:01
----------------------------------------------------------

End testing: Mar 23 17:47 EDT
